=3007 : The term '=3007' is not recognized as the name of a cmdlet, function, script file, or operable program. Check 
the spelling of the name, or if a path was included, verify that the path is correct and try again.
At line:1 char:1
+ ='3007'; ='3007'; node .output/server/index.mjs
+ ~~~~~~~
    + CategoryInfo          : ObjectNotFound: (=3007:String) [], CommandNotFoundException
    + FullyQualifiedErrorId : CommandNotFoundException
 
=3007 : The term '=3007' is not recognized as the name of a cmdlet, function, script file, or operable program. Check 
the spelling of the name, or if a path was included, verify that the path is correct and try again.
At line:1 char:10
+ ='3007'; ='3007'; node .output/server/index.mjs
+          ~~~~~~~
    + CategoryInfo          : ObjectNotFound: (=3007:String) [], CommandNotFoundException
    + FullyQualifiedErrorId : CommandNotFoundException
 
[uncaughtException] Error: listen EADDRINUSE: address already in use :::3000
    at Server.setupListenHandle [as _listen2] (node:net:1939:16)
    at listenInCluster (node:net:1996:12)
    at Server.listen (node:net:2101:7)
    at file:///C:/Users/alfin/Documents/New%20project/.output/server/index.mjs:18:25
    at ModuleJob.run (node:internal/modules/esm/module_job:327:25)
    at async onImport.tracePromise.__proto__ (node:internal/modules/esm/loader:663:26)
    at async asyncRunEntryPointWithESMLoader (node:internal/modules/run_main:99:5) {
  code: 'EADDRINUSE',
  errno: -4091,
  syscall: 'listen',
  address: '::',
  port: 3000
}
