[request error] [unhandled] [GET] http://localhost:3003/
 TypeError: Cannot read properties of undefined (reading 'session')
    at file:///C:/Users/alfin/Documents/New%20project/.output/server/chunks/build/CrmWorkspace-B3nwDs34.mjs:826:51
    ... 8 lines matching cause stack trace ...
    at ssrRenderComponent (C:\Users\alfin\Documents\New project\.output\server\node_modules\@vue\server-renderer\dist\server-renderer.cjs.prod.js:104:10) {
  cause: TypeError: Cannot read properties of undefined (reading 'session')
      at file:///C:/Users/alfin/Documents/New%20project/.output/server/chunks/build/CrmWorkspace-B3nwDs34.mjs:826:51
      at renderFnWithContext (C:\Users\alfin\Documents\New project\.output\server\node_modules\@vue\runtime-core\dist\runtime-core.cjs.prod.js:312:13)
      at normalizeChildren (C:\Users\alfin\Documents\New project\.output\server\node_modules\@vue\runtime-core\dist\runtime-core.cjs.prod.js:6270:34)
      at createBaseVNode (C:\Users\alfin\Documents\New project\.output\server\node_modules\@vue\runtime-core\dist\runtime-core.cjs.prod.js:6096:5)
      at Object._createVNode [as createVNode] (C:\Users\alfin\Documents\New project\.output\server\node_modules\@vue\runtime-core\dist\runtime-core.cjs.prod.js:6158:10)
      at ssrRenderComponent (C:\Users\alfin\Documents\New project\.output\server\node_modules\@vue\server-renderer\dist\server-renderer.cjs.prod.js:105:9)
      at file:///C:/Users/alfin/Documents/New%20project/.output/server/chunks/build/CrmWorkspace-B3nwDs34.mjs:693:13
      at renderComponentSubTree (C:\Users\alfin\Documents\New project\.output\server\node_modules\@vue\server-renderer\dist\server-renderer.cjs.prod.js:470:9)
      at renderComponentVNode (C:\Users\alfin\Documents\New project\.output\server\node_modules\@vue\server-renderer\dist\server-renderer.cjs.prod.js:420:12)
      at ssrRenderComponent (C:\Users\alfin\Documents\New project\.output\server\node_modules\@vue\server-renderer\dist\server-renderer.cjs.prod.js:104:10),
  statusCode: 500,
  fatal: false,
  unhandled: true,
  statusMessage: undefined,
  data: undefined
}
[unhandledRejection] TypeError: Cannot read properties of undefined (reading 'session')
    at file:///C:/Users/alfin/Documents/New%20project/.output/server/chunks/build/CrmWorkspace-B3nwDs34.mjs:826:51
    at renderFnWithContext (C:\Users\alfin\Documents\New project\.output\server\node_modules\@vue\runtime-core\dist\runtime-core.cjs.prod.js:312:13)
    at normalizeChildren (C:\Users\alfin\Documents\New project\.output\server\node_modules\@vue\runtime-core\dist\runtime-core.cjs.prod.js:6270:34)
    at createBaseVNode (C:\Users\alfin\Documents\New project\.output\server\node_modules\@vue\runtime-core\dist\runtime-core.cjs.prod.js:6096:5)
    at Object._createVNode [as createVNode] (C:\Users\alfin\Documents\New project\.output\server\node_modules\@vue\runtime-core\dist\runtime-core.cjs.prod.js:6158:10)
    at ssrRenderComponent (C:\Users\alfin\Documents\New project\.output\server\node_modules\@vue\server-renderer\dist\server-renderer.cjs.prod.js:105:9)
    at file:///C:/Users/alfin/Documents/New%20project/.output/server/chunks/build/CrmWorkspace-B3nwDs34.mjs:693:13
    at renderComponentSubTree (C:\Users\alfin\Documents\New project\.output\server\node_modules\@vue\server-renderer\dist\server-renderer.cjs.prod.js:470:9)
    at renderComponentVNode (C:\Users\alfin\Documents\New project\.output\server\node_modules\@vue\server-renderer\dist\server-renderer.cjs.prod.js:420:12)
    at ssrRenderComponent (C:\Users\alfin\Documents\New project\.output\server\node_modules\@vue\server-renderer\dist\server-renderer.cjs.prod.js:104:10)
[unhandledRejection] TypeError: Cannot read properties of undefined (reading 'session')
    at file:///C:/Users/alfin/Documents/New%20project/.output/server/chunks/build/CrmWorkspace-B3nwDs34.mjs:826:51
    at renderFnWithContext (C:\Users\alfin\Documents\New project\.output\server\node_modules\@vue\runtime-core\dist\runtime-core.cjs.prod.js:312:13)
    at normalizeChildren (C:\Users\alfin\Documents\New project\.output\server\node_modules\@vue\runtime-core\dist\runtime-core.cjs.prod.js:6270:34)
    at createBaseVNode (C:\Users\alfin\Documents\New project\.output\server\node_modules\@vue\runtime-core\dist\runtime-core.cjs.prod.js:6096:5)
    at Object._createVNode [as createVNode] (C:\Users\alfin\Documents\New project\.output\server\node_modules\@vue\runtime-core\dist\runtime-core.cjs.prod.js:6158:10)
    at ssrRenderComponent (C:\Users\alfin\Documents\New project\.output\server\node_modules\@vue\server-renderer\dist\server-renderer.cjs.prod.js:105:9)
    at file:///C:/Users/alfin/Documents/New%20project/.output/server/chunks/build/CrmWorkspace-B3nwDs34.mjs:693:13
    at renderComponentSubTree (C:\Users\alfin\Documents\New project\.output\server\node_modules\@vue\server-renderer\dist\server-renderer.cjs.prod.js:470:9)
    at renderComponentVNode (C:\Users\alfin\Documents\New project\.output\server\node_modules\@vue\server-renderer\dist\server-renderer.cjs.prod.js:420:12)
    at ssrRenderComponent (C:\Users\alfin\Documents\New project\.output\server\node_modules\@vue\server-renderer\dist\server-renderer.cjs.prod.js:104:10)
[unhandledRejection] TypeError: Cannot read properties of undefined (reading 'session')
    at file:///C:/Users/alfin/Documents/New%20project/.output/server/chunks/build/CrmWorkspace-B3nwDs34.mjs:826:51
    at renderFnWithContext (C:\Users\alfin\Documents\New project\.output\server\node_modules\@vue\runtime-core\dist\runtime-core.cjs.prod.js:312:13)
    at normalizeChildren (C:\Users\alfin\Documents\New project\.output\server\node_modules\@vue\runtime-core\dist\runtime-core.cjs.prod.js:6270:34)
    at createBaseVNode (C:\Users\alfin\Documents\New project\.output\server\node_modules\@vue\runtime-core\dist\runtime-core.cjs.prod.js:6096:5)
    at Object._createVNode [as createVNode] (C:\Users\alfin\Documents\New project\.output\server\node_modules\@vue\runtime-core\dist\runtime-core.cjs.prod.js:6158:10)
    at ssrRenderComponent (C:\Users\alfin\Documents\New project\.output\server\node_modules\@vue\server-renderer\dist\server-renderer.cjs.prod.js:105:9)
    at file:///C:/Users/alfin/Documents/New%20project/.output/server/chunks/build/CrmWorkspace-B3nwDs34.mjs:693:13
    at renderComponentSubTree (C:\Users\alfin\Documents\New project\.output\server\node_modules\@vue\server-renderer\dist\server-renderer.cjs.prod.js:470:9)
    at renderComponentVNode (C:\Users\alfin\Documents\New project\.output\server\node_modules\@vue\server-renderer\dist\server-renderer.cjs.prod.js:420:12)
    at ssrRenderComponent (C:\Users\alfin\Documents\New project\.output\server\node_modules\@vue\server-renderer\dist\server-renderer.cjs.prod.js:104:10)
[unhandledRejection] TypeError: Cannot read properties of undefined (reading 'session')
    at file:///C:/Users/alfin/Documents/New%20project/.output/server/chunks/build/CrmWorkspace-B3nwDs34.mjs:826:51
    at renderFnWithContext (C:\Users\alfin\Documents\New project\.output\server\node_modules\@vue\runtime-core\dist\runtime-core.cjs.prod.js:312:13)
    at normalizeChildren (C:\Users\alfin\Documents\New project\.output\server\node_modules\@vue\runtime-core\dist\runtime-core.cjs.prod.js:6270:34)
    at createBaseVNode (C:\Users\alfin\Documents\New project\.output\server\node_modules\@vue\runtime-core\dist\runtime-core.cjs.prod.js:6096:5)
    at Object._createVNode [as createVNode] (C:\Users\alfin\Documents\New project\.output\server\node_modules\@vue\runtime-core\dist\runtime-core.cjs.prod.js:6158:10)
    at ssrRenderComponent (C:\Users\alfin\Documents\New project\.output\server\node_modules\@vue\server-renderer\dist\server-renderer.cjs.prod.js:105:9)
    at file:///C:/Users/alfin/Documents/New%20project/.output/server/chunks/build/CrmWorkspace-B3nwDs34.mjs:693:13
    at renderComponentSubTree (C:\Users\alfin\Documents\New project\.output\server\node_modules\@vue\server-renderer\dist\server-renderer.cjs.prod.js:470:9)
    at renderComponentVNode (C:\Users\alfin\Documents\New project\.output\server\node_modules\@vue\server-renderer\dist\server-renderer.cjs.prod.js:420:12)
    at ssrRenderComponent (C:\Users\alfin\Documents\New project\.output\server\node_modules\@vue\server-renderer\dist\server-renderer.cjs.prod.js:104:10)
[unhandledRejection] TypeError: Cannot read properties of undefined (reading 'session')
    at file:///C:/Users/alfin/Documents/New%20project/.output/server/chunks/build/CrmWorkspace-B3nwDs34.mjs:826:51
    at renderFnWithContext (C:\Users\alfin\Documents\New project\.output\server\node_modules\@vue\runtime-core\dist\runtime-core.cjs.prod.js:312:13)
    at normalizeChildren (C:\Users\alfin\Documents\New project\.output\server\node_modules\@vue\runtime-core\dist\runtime-core.cjs.prod.js:6270:34)
    at createBaseVNode (C:\Users\alfin\Documents\New project\.output\server\node_modules\@vue\runtime-core\dist\runtime-core.cjs.prod.js:6096:5)
    at Object._createVNode [as createVNode] (C:\Users\alfin\Documents\New project\.output\server\node_modules\@vue\runtime-core\dist\runtime-core.cjs.prod.js:6158:10)
    at ssrRenderComponent (C:\Users\alfin\Documents\New project\.output\server\node_modules\@vue\server-renderer\dist\server-renderer.cjs.prod.js:105:9)
    at file:///C:/Users/alfin/Documents/New%20project/.output/server/chunks/build/CrmWorkspace-B3nwDs34.mjs:693:13
    at renderComponentSubTree (C:\Users\alfin\Documents\New project\.output\server\node_modules\@vue\server-renderer\dist\server-renderer.cjs.prod.js:470:9)
    at renderComponentVNode (C:\Users\alfin\Documents\New project\.output\server\node_modules\@vue\server-renderer\dist\server-renderer.cjs.prod.js:420:12)
    at ssrRenderComponent (C:\Users\alfin\Documents\New project\.output\server\node_modules\@vue\server-renderer\dist\server-renderer.cjs.prod.js:104:10)
[unhandledRejection] TypeError: Cannot read properties of undefined (reading 'session')
    at file:///C:/Users/alfin/Documents/New%20project/.output/server/chunks/build/CrmWorkspace-B3nwDs34.mjs:826:51
    at renderFnWithContext (C:\Users\alfin\Documents\New project\.output\server\node_modules\@vue\runtime-core\dist\runtime-core.cjs.prod.js:312:13)
    at normalizeChildren (C:\Users\alfin\Documents\New project\.output\server\node_modules\@vue\runtime-core\dist\runtime-core.cjs.prod.js:6270:34)
    at createBaseVNode (C:\Users\alfin\Documents\New project\.output\server\node_modules\@vue\runtime-core\dist\runtime-core.cjs.prod.js:6096:5)
    at Object._createVNode [as createVNode] (C:\Users\alfin\Documents\New project\.output\server\node_modules\@vue\runtime-core\dist\runtime-core.cjs.prod.js:6158:10)
    at ssrRenderComponent (C:\Users\alfin\Documents\New project\.output\server\node_modules\@vue\server-renderer\dist\server-renderer.cjs.prod.js:105:9)
    at file:///C:/Users/alfin/Documents/New%20project/.output/server/chunks/build/CrmWorkspace-B3nwDs34.mjs:693:13
    at renderComponentSubTree (C:\Users\alfin\Documents\New project\.output\server\node_modules\@vue\server-renderer\dist\server-renderer.cjs.prod.js:470:9)
    at renderComponentVNode (C:\Users\alfin\Documents\New project\.output\server\node_modules\@vue\server-renderer\dist\server-renderer.cjs.prod.js:420:12)
    at ssrRenderComponent (C:\Users\alfin\Documents\New project\.output\server\node_modules\@vue\server-renderer\dist\server-renderer.cjs.prod.js:104:10)
[unhandledRejection] TypeError: Cannot read properties of undefined (reading 'session')
    at file:///C:/Users/alfin/Documents/New%20project/.output/server/chunks/build/CrmWorkspace-B3nwDs34.mjs:826:51
    at renderFnWithContext (C:\Users\alfin\Documents\New project\.output\server\node_modules\@vue\runtime-core\dist\runtime-core.cjs.prod.js:312:13)
    at normalizeChildren (C:\Users\alfin\Documents\New project\.output\server\node_modules\@vue\runtime-core\dist\runtime-core.cjs.prod.js:6270:34)
    at createBaseVNode (C:\Users\alfin\Documents\New project\.output\server\node_modules\@vue\runtime-core\dist\runtime-core.cjs.prod.js:6096:5)
    at Object._createVNode [as createVNode] (C:\Users\alfin\Documents\New project\.output\server\node_modules\@vue\runtime-core\dist\runtime-core.cjs.prod.js:6158:10)
    at ssrRenderComponent (C:\Users\alfin\Documents\New project\.output\server\node_modules\@vue\server-renderer\dist\server-renderer.cjs.prod.js:105:9)
    at file:///C:/Users/alfin/Documents/New%20project/.output/server/chunks/build/CrmWorkspace-B3nwDs34.mjs:693:13
    at renderComponentSubTree (C:\Users\alfin\Documents\New project\.output\server\node_modules\@vue\server-renderer\dist\server-renderer.cjs.prod.js:470:9)
    at renderComponentVNode (C:\Users\alfin\Documents\New project\.output\server\node_modules\@vue\server-renderer\dist\server-renderer.cjs.prod.js:420:12)
    at ssrRenderComponent (C:\Users\alfin\Documents\New project\.output\server\node_modules\@vue\server-renderer\dist\server-renderer.cjs.prod.js:104:10)
[unhandledRejection] TypeError: Cannot read properties of undefined (reading 'session')
    at file:///C:/Users/alfin/Documents/New%20project/.output/server/chunks/build/CrmWorkspace-B3nwDs34.mjs:826:51
    at renderFnWithContext (C:\Users\alfin\Documents\New project\.output\server\node_modules\@vue\runtime-core\dist\runtime-core.cjs.prod.js:312:13)
    at normalizeChildren (C:\Users\alfin\Documents\New project\.output\server\node_modules\@vue\runtime-core\dist\runtime-core.cjs.prod.js:6270:34)
    at createBaseVNode (C:\Users\alfin\Documents\New project\.output\server\node_modules\@vue\runtime-core\dist\runtime-core.cjs.prod.js:6096:5)
    at Object._createVNode [as createVNode] (C:\Users\alfin\Documents\New project\.output\server\node_modules\@vue\runtime-core\dist\runtime-core.cjs.prod.js:6158:10)
    at ssrRenderComponent (C:\Users\alfin\Documents\New project\.output\server\node_modules\@vue\server-renderer\dist\server-renderer.cjs.prod.js:105:9)
    at file:///C:/Users/alfin/Documents/New%20project/.output/server/chunks/build/CrmWorkspace-B3nwDs34.mjs:693:13
    at renderComponentSubTree (C:\Users\alfin\Documents\New project\.output\server\node_modules\@vue\server-renderer\dist\server-renderer.cjs.prod.js:470:9)
    at renderComponentVNode (C:\Users\alfin\Documents\New project\.output\server\node_modules\@vue\server-renderer\dist\server-renderer.cjs.prod.js:420:12)
    at ssrRenderComponent (C:\Users\alfin\Documents\New project\.output\server\node_modules\@vue\server-renderer\dist\server-renderer.cjs.prod.js:104:10)
[unhandledRejection] TypeError: Cannot read properties of undefined (reading 'session')
    at file:///C:/Users/alfin/Documents/New%20project/.output/server/chunks/build/CrmWorkspace-B3nwDs34.mjs:826:51
    at renderFnWithContext (C:\Users\alfin\Documents\New project\.output\server\node_modules\@vue\runtime-core\dist\runtime-core.cjs.prod.js:312:13)
    at normalizeChildren (C:\Users\alfin\Documents\New project\.output\server\node_modules\@vue\runtime-core\dist\runtime-core.cjs.prod.js:6270:34)
    at createBaseVNode (C:\Users\alfin\Documents\New project\.output\server\node_modules\@vue\runtime-core\dist\runtime-core.cjs.prod.js:6096:5)
    at Object._createVNode [as createVNode] (C:\Users\alfin\Documents\New project\.output\server\node_modules\@vue\runtime-core\dist\runtime-core.cjs.prod.js:6158:10)
    at ssrRenderComponent (C:\Users\alfin\Documents\New project\.output\server\node_modules\@vue\server-renderer\dist\server-renderer.cjs.prod.js:105:9)
    at file:///C:/Users/alfin/Documents/New%20project/.output/server/chunks/build/CrmWorkspace-B3nwDs34.mjs:693:13
    at renderComponentSubTree (C:\Users\alfin\Documents\New project\.output\server\node_modules\@vue\server-renderer\dist\server-renderer.cjs.prod.js:470:9)
    at renderComponentVNode (C:\Users\alfin\Documents\New project\.output\server\node_modules\@vue\server-renderer\dist\server-renderer.cjs.prod.js:420:12)
    at ssrRenderComponent (C:\Users\alfin\Documents\New project\.output\server\node_modules\@vue\server-renderer\dist\server-renderer.cjs.prod.js:104:10)
[unhandledRejection] TypeError: Cannot read properties of undefined (reading 'session')
    at file:///C:/Users/alfin/Documents/New%20project/.output/server/chunks/build/CrmWorkspace-B3nwDs34.mjs:826:51
    at renderFnWithContext (C:\Users\alfin\Documents\New project\.output\server\node_modules\@vue\runtime-core\dist\runtime-core.cjs.prod.js:312:13)
    at normalizeChildren (C:\Users\alfin\Documents\New project\.output\server\node_modules\@vue\runtime-core\dist\runtime-core.cjs.prod.js:6270:34)
    at createBaseVNode (C:\Users\alfin\Documents\New project\.output\server\node_modules\@vue\runtime-core\dist\runtime-core.cjs.prod.js:6096:5)
    at Object._createVNode [as createVNode] (C:\Users\alfin\Documents\New project\.output\server\node_modules\@vue\runtime-core\dist\runtime-core.cjs.prod.js:6158:10)
    at ssrRenderComponent (C:\Users\alfin\Documents\New project\.output\server\node_modules\@vue\server-renderer\dist\server-renderer.cjs.prod.js:105:9)
    at file:///C:/Users/alfin/Documents/New%20project/.output/server/chunks/build/CrmWorkspace-B3nwDs34.mjs:693:13
    at renderComponentSubTree (C:\Users\alfin\Documents\New project\.output\server\node_modules\@vue\server-renderer\dist\server-renderer.cjs.prod.js:470:9)
    at renderComponentVNode (C:\Users\alfin\Documents\New project\.output\server\node_modules\@vue\server-renderer\dist\server-renderer.cjs.prod.js:420:12)
    at ssrRenderComponent (C:\Users\alfin\Documents\New project\.output\server\node_modules\@vue\server-renderer\dist\server-renderer.cjs.prod.js:104:10)
